<?xml version="1.0" encoding="UTF-8"?>
<!-- Generated by org.testng.reporters.JUnitReportReporter -->
<testsuite hostname="DEL1-PWDPC-378" failures="0" tests="2" name="Automation_practice.selenium_practice.appiumTest" time="0.001" errors="0" timestamp="2022-04-13T14:40:03 IST" skipped="0">
  <testcase classname="Automation_practice.selenium_practice.appiumTest" name="appiumTestCase1" time="0.001"/>
  <system-out/>
  <testcase classname="Automation_practice.selenium_practice.appiumTest" name="appiumTestCase2" time="0.000"/>
  <system-out/>
</testsuite> <!-- Automation_practice.selenium_practice.appiumTest -->
