<?xml version="1.0" encoding="UTF-8"?>
<!-- Generated by org.testng.reporters.JUnitReportReporter -->
<testsuite hostname="DEL1-PWDPC-378" failures="0" tests="1" name="Automation_practice.selenium_practice.seleniumTest" time="0.226" errors="0" timestamp="2022-04-14T14:56:29 IST" skipped="0">
  <testcase classname="Automation_practice.selenium_practice.seleniumTest" name="seleniumTestCase1" time="0.226"/>
  <system-out/>
</testsuite> <!-- Automation_practice.selenium_practice.seleniumTest -->
