<?xml version="1.0" encoding="UTF-8"?>
<!-- Generated by org.testng.reporters.JUnitReportReporter -->
<testsuite hostname="DEL1-PWDPC-378" failures="0" tests="1" name="Seliniumdemo.Seliniumdemo.subTopics" time="16.948" errors="0" timestamp="2022-08-01T14:26:25 IST" skipped="0">
  <testcase classname="Seliniumdemo.Seliniumdemo.subTopics" name="runtest" time="16.948"/>
  <system-out/>
</testsuite> <!-- Seliniumdemo.Seliniumdemo.subTopics -->
