<?xml version="1.0" encoding="UTF-8"?>
<!-- Generated by org.testng.reporters.JUnitReportReporter -->
<testsuite hostname="DEL1-PWDPC-378" failures="0" tests="1" name="testCases.fbloginPageFindBy" time="8.675" errors="0" timestamp="2022-04-19T14:21:26 IST" skipped="0">
  <testcase classname="testCases.fbloginPageFindBy" name="login" time="8.675"/>
  <system-out/>
</testsuite> <!-- testCases.fbloginPageFindBy -->
