<?xml version="1.0" encoding="UTF-8"?>
<!-- Generated by org.testng.reporters.JUnitReportReporter -->
<testsuite hostname="DEL1-PWDPC-378" failures="0" tests="3" name="Canvas.Shutterbug_IMG_Comparision.shutterbug_img_comparision" time="34.261" errors="0" timestamp="2022-06-14T19:44:08 IST" skipped="0">
  <testcase classname="Canvas.Shutterbug_IMG_Comparision.shutterbug_img_comparision" name="takeScreenshot" time="12.048"/>
  <system-out/>
  <testcase classname="Canvas.Shutterbug_IMG_Comparision.shutterbug_img_comparision" name="compareImageFalse" time="11.115"/>
  <system-out/>
  <testcase classname="Canvas.Shutterbug_IMG_Comparision.shutterbug_img_comparision" name="compareImageTrue" time="11.098"/>
  <system-out/>
</testsuite> <!-- Canvas.Shutterbug_IMG_Comparision.shutterbug_img_comparision -->
