<?xml version="1.0" encoding="UTF-8"?>
<!-- Generated by org.testng.reporters.JUnitReportReporter -->
<testsuite hostname="DEL1-PWDPC-378" failures="0" tests="3" name="Canvas.Shutterbug_IMG_Comparision.shutterbug_img_comparision" time="30.304" errors="1" timestamp="2022-06-22T12:54:53 IST" skipped="0">
  <testcase classname="Canvas.Shutterbug_IMG_Comparision.shutterbug_img_comparision" name="takeScreenshot" time="12.245"/>
  <system-out/>
  <testcase classname="Canvas.Shutterbug_IMG_Comparision.shutterbug_img_comparision" name="compareImageFalse" time="6.344">
    <error message="Images dimensions mismatch: image1 - 146x47; image2 - 165x34" type="com.assertthat.selenium_shutterbug.utils.image.UnableToCompareImagesException">
      <![CDATA[com.assertthat.selenium_shutterbug.utils.image.UnableToCompareImagesException: Images dimensions mismatch: image1 - 146x47; image2 - 165x34
at com.assertthat.selenium_shutterbug.utils.image.ImageProcessor.imagesAreEquals(ImageProcessor.java:122)
at com.assertthat.selenium_shutterbug.core.Snapshot.equals(Snapshot.java:290)
at Canvas.Shutterbug_IMG_Comparision.shutterbug_img_comparision.compareImageFalse(shutterbug_img_comparision.java:64)
at java.base/jdk.internal.reflect.NativeMethodAccessorImpl.invoke0(Native Method)
at java.base/jdk.internal.reflect.NativeMethodAccessorImpl.invoke(NativeMethodAccessorImpl.java:77)
at java.base/jdk.internal.reflect.DelegatingMethodAccessorImpl.invoke(DelegatingMethodAccessorImpl.java:43)
at java.base/java.lang.reflect.Method.invoke(Method.java:568)
at org.testng.internal.invokers.MethodInvocationHelper.invokeMethod(MethodInvocationHelper.java:139)
at org.testng.internal.invokers.TestInvoker.invokeMethod(TestInvoker.java:677)
at org.testng.internal.invokers.TestInvoker.invokeTestMethod(TestInvoker.java:221)
at org.testng.internal.invokers.MethodRunner.runInSequence(MethodRunner.java:50)
at org.testng.internal.invokers.TestInvoker$MethodInvocationAgent.invoke(TestInvoker.java:962)
at org.testng.internal.invokers.TestInvoker.invokeTestMethods(TestInvoker.java:194)
at org.testng.internal.invokers.TestMethodWorker.invokeTestMethods(TestMethodWorker.java:148)
at org.testng.internal.invokers.TestMethodWorker.run(TestMethodWorker.java:128)
at java.base/java.util.ArrayList.forEach(ArrayList.java:1511)
at org.testng.TestRunner.privateRun(TestRunner.java:806)
at org.testng.TestRunner.run(TestRunner.java:601)
at org.testng.SuiteRunner.runTest(SuiteRunner.java:433)
at org.testng.SuiteRunner.runSequentially(SuiteRunner.java:427)
at org.testng.SuiteRunner.privateRun(SuiteRunner.java:387)
at org.testng.SuiteRunner.run(SuiteRunner.java:330)
at org.testng.SuiteRunnerWorker.runSuite(SuiteRunnerWorker.java:52)
at org.testng.SuiteRunnerWorker.run(SuiteRunnerWorker.java:95)
at org.testng.TestNG.runSuitesSequentially(TestNG.java:1256)
at org.testng.TestNG.runSuitesLocally(TestNG.java:1176)
at org.testng.TestNG.runSuites(TestNG.java:1099)
at org.testng.TestNG.run(TestNG.java:1067)
at org.testng.remote.AbstractRemoteTestNG.run(AbstractRemoteTestNG.java:115)
at org.testng.remote.RemoteTestNG.initAndRun(RemoteTestNG.java:251)
at org.testng.remote.RemoteTestNG.main(RemoteTestNG.java:77)
]]>
    </error>
  </testcase> <!-- compareImageFalse -->
  <system-out/>
  <testcase classname="Canvas.Shutterbug_IMG_Comparision.shutterbug_img_comparision" name="compareImageTrue" time="11.715"/>
  <system-out/>
</testsuite> <!-- Canvas.Shutterbug_IMG_Comparision.shutterbug_img_comparision -->
