<?xml version="1.0" encoding="UTF-8"?>
<!-- Generated by org.testng.reporters.JUnitReportReporter -->
<testsuite hostname="DEL1-PWDPC-378" failures="0" tests="4" name="Selenium_Demo.Your_Logo.shoppingCartPageTest" time="0.000" errors="0" timestamp="2022-07-05T12:43:53 IST" skipped="4">
  <testcase classname="Selenium_Demo.Your_Logo.shoppingCartPageTest" name="TC_SHOPPING_CART_01_Product_Quantity_Increase" time="0.000">
    <skipped/>
  </testcase> <!-- TC_SHOPPING_CART_01_Product_Quantity_Increase -->
  <system-out/>
  <testcase classname="Selenium_Demo.Your_Logo.shoppingCartPageTest" name="TC_SHOPPING_CART_04_Proceed_To_Checkout" time="0.000">
    <skipped/>
  </testcase> <!-- TC_SHOPPING_CART_04_Proceed_To_Checkout -->
  <system-out/>
  <testcase classname="Selenium_Demo.Your_Logo.shoppingCartPageTest" name="TC_SHOPPING_CART_02_Product_Quantity_Reduce" time="0.000">
    <skipped/>
  </testcase> <!-- TC_SHOPPING_CART_02_Product_Quantity_Reduce -->
  <system-out/>
  <testcase classname="Selenium_Demo.Your_Logo.shoppingCartPageTest" name="TC_SHOPPING_CART_03_Delete_Product" time="0.000">
    <skipped/>
  </testcase> <!-- TC_SHOPPING_CART_03_Delete_Product -->
  <system-out/>
</testsuite> <!-- Selenium_Demo.Your_Logo.shoppingCartPageTest -->
