<?xml version="1.0" encoding="UTF-8"?>
<!-- Generated by org.testng.reporters.JUnitReportReporter -->
<testsuite hostname="DEL1-PWDPC-378" failures="0" tests="3" name="Selenium_Demo.Your_Logo.paymentPageTest" time="0.000" errors="0" timestamp="2022-07-05T12:43:53 IST" skipped="3">
  <testcase classname="Selenium_Demo.Your_Logo.paymentPageTest" name="TC_PAYMENT_02_Order_Confirmation" time="0.000">
    <skipped/>
  </testcase> <!-- TC_PAYMENT_02_Order_Confirmation -->
  <system-out/>
  <testcase classname="Selenium_Demo.Your_Logo.paymentPageTest" name="TC_PAYMENT_01_Payment_Method" time="0.000">
    <skipped/>
  </testcase> <!-- TC_PAYMENT_01_Payment_Method -->
  <system-out/>
  <testcase classname="Selenium_Demo.Your_Logo.paymentPageTest" name="TC_PAYMENT_03_Back_To_Orders" time="0.000">
    <skipped/>
  </testcase> <!-- TC_PAYMENT_03_Back_To_Orders -->
  <system-out/>
</testsuite> <!-- Selenium_Demo.Your_Logo.paymentPageTest -->
