<?xml version="1.0" encoding="UTF-8"?>
<!-- Generated by org.testng.reporters.JUnitReportReporter -->
<testsuite hostname="DEL1-PWDPC-378" failures="0" tests="12" name="Selenium_Demo.Your_Logo.homePageTest" time="0.000" errors="0" timestamp="2022-07-05T12:43:53 IST" skipped="12">
  <testcase classname="Selenium_Demo.Your_Logo.homePageTest" name="TC_HOME_08_Add_to_cart" time="0.000">
    <skipped/>
  </testcase> <!-- TC_HOME_08_Add_to_cart -->
  <system-out/>
  <testcase classname="Selenium_Demo.Your_Logo.homePageTest" name="TC_HOME_11_Shopping_Cart_2" time="0.000">
    <skipped/>
  </testcase> <!-- TC_HOME_11_Shopping_Cart_2 -->
  <system-out/>
  <testcase classname="Selenium_Demo.Your_Logo.homePageTest" name="TC_HOME_05_Search_Invalid" time="0.000">
    <skipped/>
  </testcase> <!-- TC_HOME_05_Search_Invalid -->
  <system-out/>
  <testcase classname="Selenium_Demo.Your_Logo.homePageTest" name="TC_HOME_00_Browser_Invoking" time="0.000">
    <skipped/>
  </testcase> <!-- TC_HOME_00_Browser_Invoking -->
  <system-out/>
  <testcase classname="Selenium_Demo.Your_Logo.homePageTest" name="TC_HOME_02_Contact_Us_Button" time="0.000">
    <skipped/>
  </testcase> <!-- TC_HOME_02_Contact_Us_Button -->
  <system-out/>
  <testcase classname="Selenium_Demo.Your_Logo.homePageTest" name="TC_HOME_01_Banner_Image" time="0.000">
    <skipped/>
  </testcase> <!-- TC_HOME_01_Banner_Image -->
  <system-out/>
  <testcase classname="Selenium_Demo.Your_Logo.homePageTest" name="TC_HOME_04_Brand_Logo" time="0.000">
    <skipped/>
  </testcase> <!-- TC_HOME_04_Brand_Logo -->
  <system-out/>
  <testcase classname="Selenium_Demo.Your_Logo.homePageTest" name="TC_HOME_03_Sign_In_Button" time="0.000">
    <skipped/>
  </testcase> <!-- TC_HOME_03_Sign_In_Button -->
  <system-out/>
  <testcase classname="Selenium_Demo.Your_Logo.homePageTest" name="TC_HOME_06_Search_Valid" time="0.000">
    <skipped/>
  </testcase> <!-- TC_HOME_06_Search_Valid -->
  <system-out/>
  <testcase classname="Selenium_Demo.Your_Logo.homePageTest" name="TC_HOME_07_Shopping_Cart_Empty" time="0.000">
    <skipped/>
  </testcase> <!-- TC_HOME_07_Shopping_Cart_Empty -->
  <system-out/>
  <testcase classname="Selenium_Demo.Your_Logo.homePageTest" name="TC_HOME_10_Shopping_Cart" time="0.000">
    <skipped/>
  </testcase> <!-- TC_HOME_10_Shopping_Cart -->
  <system-out/>
  <testcase classname="Selenium_Demo.Your_Logo.homePageTest" name="TC_HOME_09_Shopping_Cart_Product" time="0.000">
    <skipped/>
  </testcase> <!-- TC_HOME_09_Shopping_Cart_Product -->
  <system-out/>
</testsuite> <!-- Selenium_Demo.Your_Logo.homePageTest -->
