<?xml version="1.0" encoding="UTF-8"?>
<!-- Generated by org.testng.reporters.JUnitReportReporter -->
<testsuite hostname="DEL1-PWDPC-378" failures="0" tests="3" name="Selenium_Demo.Your_Logo.signInPageTest" time="0.000" errors="0" timestamp="2022-07-05T12:43:53 IST" skipped="3">
  <testcase classname="Selenium_Demo.Your_Logo.signInPageTest" name="TC_SIGN_IN_03_Create_Account_Valid" time="0.000">
    <skipped/>
  </testcase> <!-- TC_SIGN_IN_03_Create_Account_Valid -->
  <system-out/>
  <testcase classname="Selenium_Demo.Your_Logo.signInPageTest" name="TC_SIGN_IN_01_Create_Account_Invalid" time="0.000">
    <skipped/>
  </testcase> <!-- TC_SIGN_IN_01_Create_Account_Invalid -->
  <system-out/>
  <testcase classname="Selenium_Demo.Your_Logo.signInPageTest" name="TC_SIGN_IN_02_Create_Account_Invalid_Null_Data" time="0.000">
    <skipped/>
  </testcase> <!-- TC_SIGN_IN_02_Create_Account_Invalid_Null_Data -->
  <system-out/>
</testsuite> <!-- Selenium_Demo.Your_Logo.signInPageTest -->
