<?xml version="1.0" encoding="UTF-8"?>
<!-- Generated by org.testng.reporters.JUnitReportReporter -->
<testsuite hostname="DEL1-PWDPC-378" failures="0" tests="3" name="Selenium_Demo.Your_Logo.shippingPageTest" time="0.000" errors="0" timestamp="2022-07-05T12:43:53 IST" skipped="3">
  <testcase classname="Selenium_Demo.Your_Logo.shippingPageTest" name="TC_SHIPPING_01_Error_Prompt" time="0.000">
    <skipped/>
  </testcase> <!-- TC_SHIPPING_01_Error_Prompt -->
  <system-out/>
  <testcase classname="Selenium_Demo.Your_Logo.shippingPageTest" name="TC_SHIPPING_03_Proceed_To_Checkout" time="0.000">
    <skipped/>
  </testcase> <!-- TC_SHIPPING_03_Proceed_To_Checkout -->
  <system-out/>
  <testcase classname="Selenium_Demo.Your_Logo.shippingPageTest" name="TC_SHIPPING_02_terms_Of_Services_Checkbox" time="0.000">
    <skipped/>
  </testcase> <!-- TC_SHIPPING_02_terms_Of_Services_Checkbox -->
  <system-out/>
</testsuite> <!-- Selenium_Demo.Your_Logo.shippingPageTest -->
