<?xml version="1.0" encoding="UTF-8"?>
<!-- Generated by org.testng.reporters.JUnitReportReporter -->
<testsuite hostname="DEL1-PWDPC-378" failures="0" tests="1" name="Automation_practice.selenium_practice.AppTest" time="0.004" errors="0" timestamp="2022-04-13T13:26:37 IST" skipped="0">
  <testcase classname="Automation_practice.selenium_practice.AppTest" name="shouldAnswerWithTrue" time="0.004"/>
  <system-out/>
</testsuite> <!-- Automation_practice.selenium_practice.AppTest -->
